{
  "stats": {
    "suites": 1,
    "tests": 6,
    "passes": 6,
    "pending": 0,
    "failures": 0,
    "start": "2020-10-31T16:38:54.632Z",
    "end": "2020-10-31T16:39:15.627Z",
    "duration": 20995,
    "testsRegistered": 6,
    "passPercent": 100,
    "pendingPercent": 0,
    "other": 0,
    "hasOther": false,
    "skipped": 0,
    "hasSkipped": false
  },
  "results": [
    {
      "uuid": "1d098460-08d0-4f66-979a-d2f4fe4d9504",
      "title": "",
      "fullFile": "cypress/integration/assigment01-testerHotel.spec.js",
      "file": "cypress/integration/assigment01-testerHotel.spec.js",
      "beforeHooks": [],
      "afterHooks": [],
      "tests": [],
      "suites": [
        {
          "uuid": "25702b8b-aba9-407d-bda3-177a8d022667",
          "title": "Tester Hotel",
          "fullFile": "",
          "file": "",
          "beforeHooks": [],
          "afterHooks": [],
          "tests": [
            {
              "title": "Perform login and logout",
              "fullTitle": "Tester Hotel Perform login and logout",
              "timedOut": null,
              "duration": 2454,
              "state": "passed",
              "speed": "slow",
              "pass": true,
              "fail": false,
              "pending": false,
              "context": null,
              "code": "indexFuncs.performValidLoginUserOne(cy, targets.username, targets.password, 'Tester Hotel Overview');\ndashBoardFuncs.performLogout(cy, 'Login');",
              "err": {},
              "uuid": "08a53049-4881-4cd6-b4a1-4b4a15772ddc",
              "parentUUID": "25702b8b-aba9-407d-bda3-177a8d022667",
              "isHook": false,
              "skipped": false
            },
            {
              "title": "Perform an invalid login, a correct login and then logout",
              "fullTitle": "Tester Hotel Perform an invalid login, a correct login and then logout",
              "timedOut": null,
              "duration": 4095,
              "state": "passed",
              "speed": "slow",
              "pass": true,
              "fail": false,
              "pending": false,
              "context": null,
              "code": "indexFuncs.performInvalidLogin(cy, targets.password);\nindexFuncs.performValidLoginUserOne(cy, targets.username, targets.password, 'Tester Hotel Overview');\ndashBoardFuncs.performLogout(cy, 'Login');",
              "err": {},
              "uuid": "5fe12641-a5ca-4678-b40d-cf513edbc91d",
              "parentUUID": "25702b8b-aba9-407d-bda3-177a8d022667",
              "isHook": false,
              "skipped": false
            },
            {
              "title": "Perform login with many users",
              "fullTitle": "Tester Hotel Perform login with many users",
              "timedOut": null,
              "duration": 3628,
              "state": "passed",
              "speed": "slow",
              "pass": true,
              "fail": false,
              "pending": false,
              "context": null,
              "code": "indexFuncs.performValidLoginUserOne(cy, targets.username, targets.password, 'Tester Hotel Overview');\ndashBoardFuncs.performLogout(cy, 'Login');\nindexFuncs.performValidLoginUserTwo(cy, targets.usernameTwo, targets.passwordTwo, 'Tester Hotel Overview');\ndashBoardFuncs.performLogout(cy, 'Login');",
              "err": {},
              "uuid": "28780e0e-138e-40bf-97bc-e93a82eda96c",
              "parentUUID": "25702b8b-aba9-407d-bda3-177a8d022667",
              "isHook": false,
              "skipped": false
            },
            {
              "title": "Change available room 101",
              "fullTitle": "Tester Hotel Change available room 101",
              "timedOut": null,
              "duration": 2583,
              "state": "passed",
              "speed": "slow",
              "pass": true,
              "fail": false,
              "pending": false,
              "context": null,
              "code": "indexFuncs.performValidLoginUserOne(cy, targets.username, targets.password, 'Tester Hotel Overview');\ndashBoardFuncs.chooseRoomPage(cy, 'Rooms');\nroomFuncs.editRoom101(cy, 'ID');\nroomOneEdit.pushAvailableButton(cy);\nroomOneEdit.saveEdit(cy, 'Rooms');\nroomOneEdit.performLogout(cy, 'Login');",
              "err": {},
              "uuid": "a0dc1e19-6fce-48aa-9462-fabd45dafcfe",
              "parentUUID": "25702b8b-aba9-407d-bda3-177a8d022667",
              "isHook": false,
              "skipped": false
            },
            {
              "title": "Create a new client",
              "fullTitle": "Tester Hotel Create a new client",
              "timedOut": null,
              "duration": 3380,
              "state": "passed",
              "speed": "slow",
              "pass": true,
              "fail": false,
              "pending": false,
              "context": null,
              "code": "indexFuncs.performValidLoginUserOne(cy, targets.username, targets.password, 'Tester Hotel Overview');\ndashBoardFuncs.chooseClientsPage(cy, 'Clients');\nclientsFuncs.createClients(cy, 'New Client');\nclientsCreation.clientFormular(cy, 'Clients');\nclientsFuncs.performLogout(cy, 'Login');",
              "err": {},
              "uuid": "f15dc42e-059f-47de-b42f-7600a4e37667",
              "parentUUID": "25702b8b-aba9-407d-bda3-177a8d022667",
              "isHook": false,
              "skipped": false
            },
            {
              "title": "Visit all pages",
              "fullTitle": "Tester Hotel Visit all pages",
              "timedOut": null,
              "duration": 2946,
              "state": "passed",
              "speed": "slow",
              "pass": true,
              "fail": false,
              "pending": false,
              "context": null,
              "code": "indexFuncs.performValidLoginUserOne(cy, targets.username, targets.password, 'Tester Hotel Overview');\ndashBoardFuncs.chooseRoomPage(cy, 'Rooms');\ncy.go('back');\ndashBoardFuncs.chooseClientsPage(cy, 'Clients');\ncy.go('back');\ndashBoardFuncs.chooseBillsPage(cy, 'Bills');\ncy.go('back');\ndashBoardFuncs.chooseReservationsPage(cy, 'Reservations');\ncy.go('back');\ndashBoardFuncs.performLogout(cy, 'Login');",
              "err": {},
              "uuid": "8dc41691-2528-4f7a-8dbf-ca73fe546929",
              "parentUUID": "25702b8b-aba9-407d-bda3-177a8d022667",
              "isHook": false,
              "skipped": false
            }
          ],
          "suites": [],
          "passes": [
            "08a53049-4881-4cd6-b4a1-4b4a15772ddc",
            "5fe12641-a5ca-4678-b40d-cf513edbc91d",
            "28780e0e-138e-40bf-97bc-e93a82eda96c",
            "a0dc1e19-6fce-48aa-9462-fabd45dafcfe",
            "f15dc42e-059f-47de-b42f-7600a4e37667",
            "8dc41691-2528-4f7a-8dbf-ca73fe546929"
          ],
          "failures": [],
          "pending": [],
          "skipped": [],
          "duration": 19086,
          "root": false,
          "rootEmpty": false,
          "_timeout": 2000
        }
      ],
      "passes": [],
      "failures": [],
      "pending": [],
      "skipped": [],
      "duration": 0,
      "root": true,
      "rootEmpty": true,
      "_timeout": 2000
    }
  ],
  "meta": {
    "mocha": {
      "version": "7.0.1"
    },
    "mochawesome": {
      "options": {
        "quiet": false,
        "reportFilename": "mochawesome",
        "saveHtml": true,
        "saveJson": true,
        "consoleReporter": "spec",
        "useInlineDiffs": false,
        "code": true
      },
      "version": "6.1.1"
    },
    "marge": {
      "options": null,
      "version": "5.1.0"
    }
  }
}